           _                 _    
  __ _  __| |_ __ __ _ _ __ | |_  
 / _` |/ _` | '__/ _` | '_ \| __| 
| (_| | (_| | | | (_| | | | | |_  
 \__, |\__,_|_|  \__,_|_| |_|\__| 
    |_|                           

Version: 1.11.4, build: d8b6e4a0
Access web UI at http://localhost:6333/dashboard

2024-09-25T09:53:13.660327Z  INFO storage::content_manager::consensus::persistent: Loading raft state from ./storage/raft_state.json    
2024-09-25T09:53:13.661064Z DEBUG storage::content_manager::consensus::persistent: State: Persistent { state: RaftState { hard_state: HardState { term: 0, vote: 0, commit: 0 }, conf_state: ConfState { voters: [95888591615623], learners: [], voters_outgoing: [], learners_next: [], auto_leave: false } }, latest_snapshot_meta: SnapshotMetadataSer { term: 0, index: 0 }, apply_progress_queue: EntryApplyProgressQueue(None), peer_address_by_id: RwLock { data: {} }, peer_metadata_by_id: RwLock { data: {} }, cluster_metadata: {}, this_peer_id: 95888591615623, path: "./storage/raft_state.json", dirty: false }    
2024-09-25T09:53:13.683085Z  INFO storage::content_manager::toc: Loading collection: default    
2024-09-25T09:53:13.845500Z  INFO collection::shards::local_shard: Recovering collection default: 0/1 (0%)    
2024-09-25T09:53:13.877464Z  INFO collection::shards::local_shard: Recovered collection default: 1/1 (100%)    
2024-09-25T09:53:13.880257Z DEBUG qdrant: Loaded collection: default    
2024-09-25T09:53:13.880268Z  INFO qdrant: Distributed mode disabled    
2024-09-25T09:53:13.880280Z  INFO qdrant: Telemetry reporting disabled    
2024-09-25T09:53:13.880416Z DEBUG qdrant: Waiting for thread web to finish    
2024-09-25T09:53:13.880996Z  WARN qdrant::actix::web_ui: Static content folder for Web UI './static' does not exist    
2024-09-25T09:53:13.881350Z  INFO qdrant::actix: TLS disabled for REST API    
2024-09-25T09:53:13.881386Z  INFO qdrant::actix: Qdrant HTTP listening on 6333    
2024-09-25T09:53:13.881395Z  INFO actix_server::builder: Starting 11 workers
2024-09-25T09:53:13.881399Z  INFO actix_server::server: Actix runtime found; starting in Actix runtime
2024-09-25T09:53:13.884314Z  INFO qdrant::tonic: Qdrant gRPC listening on 6334    
2024-09-25T09:53:13.884332Z  INFO qdrant::tonic: TLS disabled for gRPC API    
2024-09-25T09:53:23.727223Z  INFO storage::content_manager::toc::collection_meta_ops: Deleting collection default    
2024-09-25T09:53:23.728408Z DEBUG collection::update_handler: Stopping flush worker.    
2024-09-25T09:53:23.734894Z  INFO actix_web::middleware::logger: 127.0.0.1 "DELETE /collections/default HTTP/1.1" 200 48 "-" "curl/7.81.0" 0.008976    
2024-09-25T09:55:02.203814Z DEBUG storage::content_manager::snapshots::recover: Downloading snapshot from file:///home/ghanist/gaianet/qdrant/snapshots/default/default.snapshot to /home/ghanist/gaianet/qdrant/./snapshots/tmp/download-eO8BtA    
2024-09-25T09:55:02.203848Z DEBUG storage::content_manager::snapshots::recover: Snapshot downloaded to /home/ghanist/gaianet/qdrant/snapshots/default/default.snapshot    
2024-09-25T09:55:02.204161Z DEBUG storage::content_manager::snapshots::recover: Recovering collection default from snapshot /home/ghanist/gaianet/qdrant/snapshots/default/default.snapshot    
2024-09-25T09:55:02.204165Z DEBUG storage::content_manager::snapshots::recover: Unpacking snapshot to /home/ghanist/gaianet/qdrant/./storage/tmp/col-default-recovery-6Luwbn    
2024-09-25T09:55:04.683919Z DEBUG storage::content_manager::snapshots::recover: Collection default does not exist, creating it    
2024-09-25T09:55:04.683942Z  INFO storage::content_manager::toc::collection_meta_ops: Creating collection default    
2024-09-25T09:55:05.106936Z DEBUG collection::collection: Changing shard default:0 replica state from Some(Initializing) to Active    
2024-09-25T09:55:05.106950Z DEBUG collection::shards::replica_set: Changing local shard default:0 state from Some(Initializing) to Active    
2024-09-25T09:55:05.112779Z DEBUG storage::content_manager::snapshots::recover: Recovering shard 0 from /home/ghanist/gaianet/qdrant/./storage/tmp/col-default-recovery-6Luwbn/0    
2024-09-25T09:55:05.113591Z DEBUG collection::update_handler: Stopping flush worker.    
2024-09-25T09:55:05.365010Z  INFO collection::shards::local_shard: Recovering collection default: 0/24 (0%)    
2024-09-25T09:55:05.439415Z  INFO collection::shards::local_shard: Recovered collection default: 24/24 (100%)    
2024-09-25T09:55:05.441097Z DEBUG storage::content_manager::snapshots::recover: Activating shard 0 of collection default locally    
2024-09-25T09:55:05.441113Z DEBUG collection::collection: Changing shard default:0 replica state from Some(Active) to Active    
2024-09-25T09:55:05.441121Z DEBUG collection::shards::replica_set: Changing local shard default:0 state from Some(Active) to Active    
2024-09-25T09:55:05.446839Z  INFO actix_web::middleware::logger: 127.0.0.1 "POST /collections/default/snapshots/upload?priority=snapshot HTTP/1.1" 200 48 "-" "curl/7.81.0" 3.706263    
2024-09-25T09:55:10.480907Z  INFO actix_server::server: SIGTERM received; starting graceful shutdown
2024-09-25T09:55:10.480914Z DEBUG qdrant::tonic: Stopping gRPC service on SIGTERM    
2024-09-25T09:55:10.481041Z  INFO actix_server::worker: Shutting down idle worker
2024-09-25T09:55:10.481057Z  INFO actix_server::worker: Shutting down idle worker
2024-09-25T09:55:10.481067Z DEBUG actix_server::accept: Paused accepting connections on 127.0.0.1:6333
2024-09-25T09:55:10.481080Z  INFO actix_server::worker: Shutting down idle worker
2024-09-25T09:55:10.481105Z  INFO actix_server::worker: Shutting down idle worker
2024-09-25T09:55:10.481086Z  INFO actix_server::accept: Accept thread stopped
2024-09-25T09:55:10.481136Z  INFO actix_server::worker: Shutting down idle worker
2024-09-25T09:55:10.481152Z  INFO actix_server::worker: Shutting down idle worker
2024-09-25T09:55:10.481176Z  INFO actix_server::worker: Shutting down idle worker
2024-09-25T09:55:10.481215Z  INFO actix_server::worker: Shutting down idle worker
2024-09-25T09:55:10.481306Z  INFO actix_server::worker: Shutting down idle worker
2024-09-25T09:55:10.481509Z  INFO actix_server::worker: Shutting down idle worker
2024-09-25T09:55:10.481534Z  INFO actix_server::worker: Shutting down idle worker
2024-09-25T09:55:10.786262Z DEBUG qdrant: Waiting for thread grpc to finish    
2024-09-25T09:55:10.787734Z DEBUG collection::update_handler: Stopping flush worker.    
